password
kseniia
kseniia0
0kseniia
0kseniia0
kseniia1994
1994kseniia
kseniia21051994
kseniia21.05.1994
21051994kseniia
21.05.1994kseniia
kseniia_21051994
kseniia_21.05.1994
21051994_kseniia
21.05.1994_kseniia
kseniia-21051994
kseniia-21.05.1994
21051994-kseniia
21.05.1994-kseniia
Kseniia
Kseniia0
0Kseniia
0Kseniia0
Kseniia1994
1994Kseniia
Kseniia21051994
Kseniia21.05.1994
21051994Kseniia
21.05.1994Kseniia
Kseniia_21051994
Kseniia_21.05.1994
21051994_Kseniia
21.05.1994_Kseniia
Kseniia-21051994
Kseniia-21.05.1994
21051994-Kseniia
21.05.1994-Kseniia
kseniiaboldir
kseniiaboldir0
0kseniiaboldir
0kseniiaboldir0
kseniiaboldir1994
1994kseniiaboldir
kseniiaboldir21051994
kseniiaboldir21.05.1994
21051994kseniiaboldir
21.05.1994kseniiaboldir
kseniiaboldir_21051994
kseniiaboldir_21.05.1994
21051994_kseniiaboldir
21.05.1994_kseniiaboldir
kseniiaboldir-21051994
kseniiaboldir-21.05.1994
21051994-kseniiaboldir
21.05.1994-kseniiaboldir
kseniiaBoldir
kseniiaBoldir0
0kseniiaBoldir
0kseniiaBoldir0
kseniiaBoldir1994
1994kseniiaBoldir
kseniiaBoldir21051994
kseniiaBoldir21.05.1994
21051994kseniiaBoldir
21.05.1994kseniiaBoldir
kseniiaBoldir_21051994
kseniiaBoldir_21.05.1994
21051994_kseniiaBoldir
21.05.1994_kseniiaBoldir
kseniiaBoldir-21051994
kseniiaBoldir-21.05.1994
21051994-kseniiaBoldir
21.05.1994-kseniiaBoldir
Kseniiaboldir
Kseniiaboldir0
0Kseniiaboldir
0Kseniiaboldir0
Kseniiaboldir1994
1994Kseniiaboldir
Kseniiaboldir21051994
Kseniiaboldir21.05.1994
21051994Kseniiaboldir
21.05.1994Kseniiaboldir
Kseniiaboldir_21051994
Kseniiaboldir_21.05.1994
21051994_Kseniiaboldir
21.05.1994_Kseniiaboldir
Kseniiaboldir-21051994
Kseniiaboldir-21.05.1994
21051994-Kseniiaboldir
21.05.1994-Kseniiaboldir
KseniiaBoldir
KseniiaBoldir0
0KseniiaBoldir
0KseniiaBoldir0
KseniiaBoldir1994
1994KseniiaBoldir
KseniiaBoldir21051994
KseniiaBoldir21.05.1994
21051994KseniiaBoldir
21.05.1994KseniiaBoldir
KseniiaBoldir_21051994
KseniiaBoldir_21.05.1994
21051994_KseniiaBoldir
21.05.1994_KseniiaBoldir
KseniiaBoldir-21051994
KseniiaBoldir-21.05.1994
21051994-KseniiaBoldir
21.05.1994-KseniiaBoldir
boldir
boldir0
0boldir
0boldir0
boldir1994
1994boldir
boldir21051994
boldir21.05.1994
21051994boldir
21.05.1994boldir
boldir_21051994
boldir_21.05.1994
21051994_boldir
21.05.1994_boldir
boldir-21051994
boldir-21.05.1994
21051994-boldir
21.05.1994-boldir
Boldir
Boldir0
0Boldir
0Boldir0
Boldir1994
1994Boldir
Boldir21051994
Boldir21.05.1994
21051994Boldir
21.05.1994Boldir
Boldir_21051994
Boldir_21.05.1994
21051994_Boldir
21.05.1994_Boldir
Boldir-21051994
Boldir-21.05.1994
21051994-Boldir
21.05.1994-Boldir
kseniya
kseniya0
0kseniya
0kseniya0
kseniya1994
1994kseniya
kseniya21051994
kseniya21.05.1994
21051994kseniya
21.05.1994kseniya
kseniya_21051994
kseniya_21.05.1994
21051994_kseniya
21.05.1994_kseniya
kseniya-21051994
kseniya-21.05.1994
21051994-kseniya
21.05.1994-kseniya
Kseniya
Kseniya0
0Kseniya
0Kseniya0
Kseniya1994
1994Kseniya
Kseniya21051994
Kseniya21.05.1994
21051994Kseniya
21.05.1994Kseniya
Kseniya_21051994
Kseniya_21.05.1994
21051994_Kseniya
21.05.1994_Kseniya
Kseniya-21051994
Kseniya-21.05.1994
21051994-Kseniya
21.05.1994-Kseniya
katya
katya0
0katya
0katya0
katya2016
2016katya
katya06012016
katya06.01.2016
06012016katya
06.01.2016katya
katya_06012016
katya_06.01.2016
06012016_katya
06.01.2016_katya
katya-06012016
katya-06.01.2016
06012016-katya
06.01.2016-katya
Katya
Katya0
0Katya
0Katya0
Katya2016
2016Katya
Katya06012016
Katya06.01.2016
06012016Katya
06.01.2016Katya
Katya_06012016
Katya_06.01.2016
06012016_Katya
06.01.2016_Katya
Katya-06012016
Katya-06.01.2016
06012016-Katya
06.01.2016-Katya
ponomarenko
ponomarenko0
0ponomarenko
0ponomarenko0
ponomarenko2016
2016ponomarenko
ponomarenko06012016
ponomarenko06.01.2016
06012016ponomarenko
06.01.2016ponomarenko
ponomarenko_06012016
ponomarenko_06.01.2016
06012016_ponomarenko
06.01.2016_ponomarenko
ponomarenko-06012016
ponomarenko-06.01.2016
06012016-ponomarenko
06.01.2016-ponomarenko
Ponomarenko
Ponomarenko0
0Ponomarenko
0Ponomarenko0
Ponomarenko2016
2016Ponomarenko
Ponomarenko06012016
Ponomarenko06.01.2016
06012016Ponomarenko
06.01.2016Ponomarenko
Ponomarenko_06012016
Ponomarenko_06.01.2016
06012016_Ponomarenko
06.01.2016_Ponomarenko
Ponomarenko-06012016
Ponomarenko-06.01.2016
06012016-Ponomarenko
06.01.2016-Ponomarenko
boldir2016
2016boldir
boldir06012016
boldir06.01.2016
06012016boldir
06.01.2016boldir
boldir_06012016
boldir_06.01.2016
06012016_boldir
06.01.2016_boldir
boldir-06012016
boldir-06.01.2016
06012016-boldir
06.01.2016-boldir
Boldir2016
2016Boldir
Boldir06012016
Boldir06.01.2016
06012016Boldir
06.01.2016Boldir
Boldir_06012016
Boldir_06.01.2016
06012016_Boldir
06.01.2016_Boldir
Boldir-06012016
Boldir-06.01.2016
06012016-Boldir
06.01.2016-Boldir
artem
artem0
0artem
0artem0
artem1978
1978artem
artem11081978
artem11.08.1978
11081978artem
11.08.1978artem
artem_11081978
artem_11.08.1978
11081978_artem
11.08.1978_artem
artem-11081978
artem-11.08.1978
11081978-artem
11.08.1978-artem
Artem
Artem0
0Artem
0Artem0
Artem1978
1978Artem
Artem11081978
Artem11.08.1978
11081978Artem
11.08.1978Artem
Artem_11081978
Artem_11.08.1978
11081978_Artem
11.08.1978_Artem
Artem-11081978
Artem-11.08.1978
11081978-Artem
11.08.1978-Artem
mitrakov
mitrakov0
0mitrakov
0mitrakov0
mitrakov1978
1978mitrakov
mitrakov11081978
mitrakov11.08.1978
11081978mitrakov
11.08.1978mitrakov
mitrakov_11081978
mitrakov_11.08.1978
11081978_mitrakov
11.08.1978_mitrakov
mitrakov-11081978
mitrakov-11.08.1978
11081978-mitrakov
11.08.1978-mitrakov
Mitrakov
Mitrakov0
0Mitrakov
0Mitrakov0
Mitrakov1978
1978Mitrakov
Mitrakov11081978
Mitrakov11.08.1978
11081978Mitrakov
11.08.1978Mitrakov
Mitrakov_11081978
Mitrakov_11.08.1978
11081978_Mitrakov
11.08.1978_Mitrakov
Mitrakov-11081978
Mitrakov-11.08.1978
11081978-Mitrakov
11.08.1978-Mitrakov
mitra
mitra0
0mitra
0mitra0
mitra1978
1978mitra
mitra11081978
mitra11.08.1978
11081978mitra
11.08.1978mitra
mitra_11081978
mitra_11.08.1978
11081978_mitra
11.08.1978_mitra
mitra-11081978
mitra-11.08.1978
11081978-mitra
11.08.1978-mitra
Mitra
Mitra0
0Mitra
0Mitra0
Mitra1978
1978Mitra
Mitra11081978
Mitra11.08.1978
11081978Mitra
11.08.1978Mitra
Mitra_11081978
Mitra_11.08.1978
11081978_Mitra
11.08.1978_Mitra
Mitra-11081978
Mitra-11.08.1978
11081978-Mitra
11.08.1978-Mitra
